<?xml version="1.0" encoding="UTF-8"?>
<!-- Generated by org.testng.reporters.JUnitReportReporter -->
<testsuite skipped="0" hostname="LTIN217455" name="learnTestNG.CreateLead" tests="1" failures="0" timestamp="22 Mar 2022 09:34:21 GMT" time="23.505" errors="0">
  <testcase name="tc001" time="23.505" classname="learnTestNG.CreateLead"/>
</testsuite> <!-- learnTestNG.CreateLead -->
