<?xml version="1.0" encoding="UTF-8"?>
<!-- Generated by org.testng.reporters.JUnitReportReporter -->
<testsuite skipped="0" hostname="LTIN217455" name="learnParameter.CreateLead" tests="2" failures="0" timestamp="26 Mar 2022 06:17:40 GMT" time="47.446" errors="0">
  <testcase name="tc001" time="19.677" classname="learnParameter.CreateLead"/>
  <testcase name="tc001" time="27.769" classname="learnParameter.CreateLead"/>
</testsuite> <!-- learnParameter.CreateLead -->
