<?xml version="1.0" encoding="UTF-8"?>
<!-- Generated by org.testng.reporters.JUnitReportReporter -->
<testsuite skipped="0" hostname="LTIN217455" name="learnTestNG.EditFindLeads" tests="1" failures="0" timestamp="22 Mar 2022 09:34:21 GMT" time="34.670" errors="0">
  <testcase name="tc004" time="34.670" classname="learnTestNG.EditFindLeads"/>
</testsuite> <!-- learnTestNG.EditFindLeads -->
